Looking for git in: git
Using git 2.17.1 from git
> git rev-parse --show-toplevel
> git config --get commit.template
Open repository: /var/www/html/pos
> git status -z -u
> git check-ignore -z --stdin
> git symbolic-ref --short HEAD
> git rev-parse master
> git rev-parse --symbolic-full-name master@{u}
> git rev-list --left-right master...refs/remotes/origin/master
> git for-each-ref --format %(refname) %(objectname) --sort -committerdate
> git remote --verbose
> git check-ignore -z --stdin
> git check-ignore -z --stdin
> git check-ignore -z --stdin
> git check-ignore -z --stdin
> git show :resources/views/welcome.blade.php
> git check-ignore -z --stdin
> git check-ignore -z --stdin
> git show :resources/views/admin/order/create.blade.php
> git check-ignore -z --stdin
> git check-ignore -z --stdin
> git show :resources/views/layouts/app.blade.php
> git check-ignore -z --stdin
> git show :resources/views/layouts/part/header.blade.php
> git show :resources/views/admin/order/create.blade.php
> git check-ignore -z --stdin
> git check-ignore -z --stdin
> git check-ignore -z --stdin
> git check-ignore -z --stdin
> git show :app/Http/Controllers/Admin/OrderController.php
> git show :resources/views/admin/order/create.blade.php
> git show :app/Http/Controllers/Admin/OrderController.php
> git show :resources/views/welcome.blade.php
> git show :resources/views/admin/order/create.blade.php
> git show :app/Http/Controllers/Admin/OrderController.php
> git show :resources/views/admin/order/create.blade.php
