[2019-04-23 17:07:11.272] [exthost] [info] extension host started
[2019-04-23 17:07:11.309] [exthost] [info] ExtensionService#_doActivateExtension vscode.debug-auto-launch {"startup":true,"activationEvent":"*"}
[2019-04-23 17:07:11.310] [exthost] [info] ExtensionService#loadCommonJSModule /usr/share/code/resources/app/extensions/debug-auto-launch/dist/extension
[2019-04-23 17:07:11.314] [exthost] [info] ExtensionService#_doActivateExtension vscode.emmet {"startup":true,"activationEvent":"*"}
[2019-04-23 17:07:11.315] [exthost] [info] ExtensionService#loadCommonJSModule /usr/share/code/resources/app/extensions/emmet/dist/extension
[2019-04-23 17:07:11.338] [exthost] [info] ExtensionService#_doActivateExtension vscode.git {"startup":true,"activationEvent":"*"}
[2019-04-23 17:07:11.339] [exthost] [info] ExtensionService#loadCommonJSModule /usr/share/code/resources/app/extensions/git/dist/main
[2019-04-23 17:07:11.455] [exthost] [info] ExtensionService#_doActivateExtension vscode.merge-conflict {"startup":true,"activationEvent":"*"}
[2019-04-23 17:07:11.455] [exthost] [info] ExtensionService#loadCommonJSModule /usr/share/code/resources/app/extensions/merge-conflict/dist/extension
[2019-04-23 17:07:11.463] [exthost] [info] eager extensions activated
[2019-04-23 17:08:16.900] [exthost] [info] extension host started
[2019-04-23 17:08:16.969] [exthost] [info] ExtensionService#_doActivateExtension vscode.debug-auto-launch {"startup":true,"activationEvent":"*"}
[2019-04-23 17:08:16.969] [exthost] [info] ExtensionService#loadCommonJSModule /usr/share/code/resources/app/extensions/debug-auto-launch/dist/extension
[2019-04-23 17:08:16.991] [exthost] [info] ExtensionService#_doActivateExtension vscode.emmet {"startup":true,"activationEvent":"*"}
[2019-04-23 17:08:16.991] [exthost] [info] ExtensionService#loadCommonJSModule /usr/share/code/resources/app/extensions/emmet/dist/extension
[2019-04-23 17:08:17.038] [exthost] [info] ExtensionService#_doActivateExtension vscode.git {"startup":true,"activationEvent":"*"}
[2019-04-23 17:08:17.038] [exthost] [info] ExtensionService#loadCommonJSModule /usr/share/code/resources/app/extensions/git/dist/main
[2019-04-23 17:08:17.229] [exthost] [info] ExtensionService#_doActivateExtension vscode.merge-conflict {"startup":true,"activationEvent":"*"}
[2019-04-23 17:08:17.229] [exthost] [info] ExtensionService#loadCommonJSModule /usr/share/code/resources/app/extensions/merge-conflict/dist/extension
[2019-04-23 17:08:17.331] [exthost] [info] eager extensions activated
[2019-04-23 17:08:52.505] [exthost] [info] ExtensionService#_doActivateExtension vscode.php-language-features {"startup":false,"activationEvent":"onLanguage:php"}
[2019-04-23 17:08:52.505] [exthost] [info] ExtensionService#loadCommonJSModule /usr/share/code/resources/app/extensions/php-language-features/dist/phpMain
[2019-04-23 17:12:56.210] [exthost] [info] ExtensionService#_doActivateExtension bierner.color-info {"startup":false,"activationEvent":"*"}
[2019-04-23 17:12:56.211] [exthost] [info] ExtensionService#loadCommonJSModule /root/.vscode/extensions/bierner.color-info-0.5.0/out/src/extension
[2019-04-23 17:13:06.098] [exthost] [info] ExtensionService#_doActivateExtension esbenp.prettier-vscode {"startup":false,"activationEvent":"*"}
[2019-04-23 17:13:06.098] [exthost] [info] ExtensionService#loadCommonJSModule /root/.vscode/extensions/esbenp.prettier-vscode-1.8.1/out/src/extension
[2019-04-23 17:13:08.984] [exthost] [info] ExtensionService#_doActivateExtension wayou.vscode-todo-highlight {"startup":false,"activationEvent":"*"}
[2019-04-23 17:13:08.984] [exthost] [info] ExtensionService#loadCommonJSModule /root/.vscode/extensions/wayou.vscode-todo-highlight-1.0.4/src/extension
[2019-04-23 17:13:21.737] [exthost] [info] ExtensionService#_doActivateExtension HookyQR.minify {"startup":false,"activationEvent":"*"}
[2019-04-23 17:13:21.737] [exthost] [info] ExtensionService#loadCommonJSModule /root/.vscode/extensions/hookyqr.minify-0.4.3/extension
[2019-04-23 17:14:27.285] [exthost] [info] ExtensionService#_doActivateExtension WallabyJs.quokka-vscode {"startup":false,"activationEvent":"*"}
[2019-04-23 17:14:27.285] [exthost] [info] ExtensionService#loadCommonJSModule /root/.vscode/extensions/wallabyjs.quokka-vscode-1.0.209/index
[2019-04-23 17:14:35.464] [exthost] [info] ExtensionService#_doActivateExtension eamodio.gitlens {"startup":false,"activationEvent":"*"}
[2019-04-23 17:14:35.464] [exthost] [info] ExtensionService#loadCommonJSModule /root/.vscode/extensions/eamodio.gitlens-9.6.3/dist/extension
[2019-04-23 17:14:36.109] [exthost] [info] ExtensionService#_doActivateExtension vscode.html-language-features {"startup":false,"activationEvent":"onLanguage:html"}
[2019-04-23 17:14:36.109] [exthost] [info] ExtensionService#loadCommonJSModule /usr/share/code/resources/app/extensions/html-language-features/client/dist/htmlMain
[2019-04-23 17:14:40.280] [exthost] [info] ExtensionService#_doActivateExtension austenc.laravel-blade-spacer {"startup":false,"activationEvent":"*"}
[2019-04-23 17:14:40.280] [exthost] [info] ExtensionService#loadCommonJSModule /root/.vscode/extensions/austenc.laravel-blade-spacer-1.0.2/out/extension
[2019-04-23 17:15:14.913] [exthost] [info] ExtensionService#_doActivateExtension onecentlin.laravel-blade {"startup":false,"activationEvent":"onLanguage:blade"}
[2019-04-23 17:15:14.913] [exthost] [info] ExtensionService#loadCommonJSModule /root/.vscode/extensions/onecentlin.laravel-blade-1.18.0/out/src/extension
[2019-04-23 17:15:16.421] [exthost] [info] ExtensionService#_doActivateExtension junstyle.php-cs-fixer {"startup":false,"activationEvent":"onLanguage:php"}
[2019-04-23 17:15:16.427] [exthost] [info] ExtensionService#loadCommonJSModule /root/.vscode/extensions/junstyle.php-cs-fixer-0.1.118/extension
