Looking for git in: git
Using git 2.17.1 from git
> git rev-parse --show-toplevel
> git config --get commit.template
Open repository: /var/www/html/pos
> git status -z -u
> git show :resources/views/admin/order/create.blade.php
> git symbolic-ref --short HEAD
> git rev-parse master
> git rev-parse --symbolic-full-name master@{u}
> git rev-list --left-right master...refs/remotes/origin/master
> git for-each-ref --format %(refname) %(objectname) --sort -committerdate
> git remote --verbose
> git show :resources/views/admin/order/create.blade.php
> git check-ignore -z --stdin
> git check-ignore -z --stdin
> git check-ignore -z --stdin
> git check-ignore -z --stdin
> git check-ignore -z --stdin
> git show :database/migrations/2019_04_10_142859_create_order_details_table.php
> git show :app/Http/Controllers/Admin/OrderController.php
> git show :database/migrations/2019_04_10_142859_create_order_details_table.php
> git show :database/migrations/2019_04_10_142851_create_orders_table.php
> git show :app/Http/Controllers/Admin/OrderController.php
> git check-ignore -z --stdin
> git show :config/auth.php
> git check-ignore -z --stdin
> git show :app/Http/Controllers/Admin/OrderController.php
> git show :app/Http/Controllers/Admin/UserController.php
> git show :app/Http/Controllers/Admin/OrderController.php
> git show :app/Model/User.php
> git check-ignore -z --stdin
> git check-ignore -z --stdin
> git check-ignore -z --stdin
> git show :app/Http/Middleware/RedirectIfAuthenticated.php
> git check-ignore -z --stdin
> git show :routes/web.php
> git show :app/Http/Middleware/RedirectIfAuthenticated.php
> git show :routes/web.php
> git show :resources/views/admin/home.blade.php
> git ls-files --stage -- resources/views/admin/
> git check-ignore -z --stdin
> git show :routes/web.php
> git show :resources/views/admin/home.blade.php
> git ls-files --stage -- resources/views/admin/
> git show :routes/web.php
> git show :app/Http/Middleware/RedirectIfAuthenticated.php
> git show :app/Model/User.php
> git show :app/Http/Middleware/RedirectIfAuthenticated.php
> git check-ignore -z --stdin
> git show :config/auth.php
> git show :app/Model/User.php
> git show :app/Http/Middleware/RedirectIfAuthenticated.php
> git show :app/Http/Middleware/Authenticate.php
> git show :app/Http/Middleware/RedirectIfAuthenticated.php
> git show :app/Model/User.php
> git show :routes/web.php
> git show :app/Http/Middleware/RedirectIfAuthenticated.php
> git show :app/Http/Middleware/Authenticate.php
> git show :app/Http/Middleware/RedirectIfAuthenticated.php
> git show :app/Model/User.php
> git show :config/auth.php
> git show :app/Model/User.php
> git show :app/Http/Middleware/RedirectIfAuthenticated.php
> git show :routes/web.php
> git check-ignore -z --stdin
> git show :app/Http/Middleware/RedirectIfAuthenticated.php
> git check-ignore -z --stdin
> git show :app/Model/User.php
> git show :resources/views/admin/home.blade.php
> git ls-files --stage -- resources/views/admin/
> git show :resources/views/admin/index.blade.php
> git show :routes/web.php
> git check-ignore -z --stdin
> git show :resources/views/layouts/app.blade.php
> git check-ignore -z --stdin
> git show :resources/views/layouts/part/header.blade.php
> git show :resources/views/layouts/part/sidebar.blade.php
> git show :routes/web.php
