[2019-04-23 17:07:09.803] [sharedprocess] [info] main {"machineId":"ad521c39a0eadb8597657081a6fa39c9c6e31a22f3a1e1aae14d33f4587a173b"}
[2019-04-23 17:07:09.923] [sharedprocess] [info] Scanned user extensions: 0
[2019-04-23 17:07:09.951] [sharedprocess] [info] Scanned user extensions: 0
[2019-04-23 17:07:09.960] [sharedprocess] [info] Scanned user extensions: 0
[2019-04-23 17:07:10.124] [sharedprocess] [info] Scanned system extensions: 72
[2019-04-23 17:07:10.134] [sharedprocess] [info] Scanned system extensions: 72
[2019-04-23 17:07:10.140] [sharedprocess] [info] Scanned system extensions: 72
[2019-04-23 17:07:11.681] [sharedprocess] [info] Scanned user extensions: 0
[2019-04-23 17:07:49.831] [sharedprocess] [info] Starting to clean up unused language packs.
[2019-04-23 17:08:15.560] [sharedprocess] [info] Scanned user extensions: 0
[2019-04-23 17:08:15.586] [sharedprocess] [info] Scanned user extensions: 0
[2019-04-23 17:08:15.908] [sharedprocess] [info] Scanned system extensions: 72
[2019-04-23 17:08:15.926] [sharedprocess] [info] Scanned system extensions: 72
[2019-04-23 17:08:17.632] [sharedprocess] [info] Scanned user extensions: 0
[2019-04-23 17:11:33.823] [sharedprocess] [info] Scanned user extensions: 0
[2019-04-23 17:11:33.848] [sharedprocess] [info] Scanned user extensions: 0
[2019-04-23 17:11:33.850] [sharedprocess] [info] Scanned user extensions: 0
[2019-04-23 17:11:33.879] [sharedprocess] [info] Scanned user extensions: 0
[2019-04-23 17:11:34.139] [sharedprocess] [info] Scanned system extensions: 72
[2019-04-23 17:11:34.145] [sharedprocess] [info] Scanned system extensions: 72
[2019-04-23 17:11:34.151] [sharedprocess] [info] Scanned system extensions: 72
[2019-04-23 17:11:47.905] [sharedprocess] [info] Installing extension: deerawan.vscode-faker
[2019-04-23 17:11:47.914] [sharedprocess] [info] Scanned user extensions: 0
[2019-04-23 17:11:49.378] [sharedprocess] [info] Downloaded extension: deerawan.vscode-faker /tmp/2170586f-c4cb-4a1b-8571-866f17322c06
[2019-04-23 17:11:52.351] [sharedprocess] [info] Scanned user extensions: 0
[2019-04-23 17:11:52.581] [sharedprocess] [info] Scanned system extensions: 72
[2019-04-23 17:11:57.897] [sharedprocess] [info] Extracted extension to /root/.vscode/extensions/.deerawan.vscode-faker-1.3.0: deerawan.vscode-faker
[2019-04-23 17:11:57.898] [sharedprocess] [info] Renamed to /root/.vscode/extensions/deerawan.vscode-faker-1.3.0
[2019-04-23 17:11:57.899] [sharedprocess] [info] Installation completed. deerawan.vscode-faker
[2019-04-23 17:11:57.979] [sharedprocess] [info] Extensions installed successfully: deerawan.vscode-faker
[2019-04-23 17:12:21.759] [sharedprocess] [info] Installing extension: esbenp.prettier-vscode
[2019-04-23 17:12:22.109] [sharedprocess] [info] Scanned user extensions: 1
[2019-04-23 17:12:40.048] [sharedprocess] [info] Downloaded extension: esbenp.prettier-vscode /tmp/762974a0-62e6-4d94-8089-2f721c51b3a4
[2019-04-23 17:12:52.817] [sharedprocess] [info] Installing extension: bierner.color-info
[2019-04-23 17:12:52.826] [sharedprocess] [info] Scanned user extensions: 1
[2019-04-23 17:12:53.879] [sharedprocess] [info] Downloaded extension: bierner.color-info /tmp/a38cc1e2-ef95-4aed-bc21-348f7d772379
[2019-04-23 17:12:55.965] [sharedprocess] [info] Extracted extension to /root/.vscode/extensions/.bierner.color-info-0.5.0: bierner.color-info
[2019-04-23 17:12:55.965] [sharedprocess] [info] Renamed to /root/.vscode/extensions/bierner.color-info-0.5.0
[2019-04-23 17:12:55.968] [sharedprocess] [info] Installation completed. bierner.color-info
[2019-04-23 17:12:56.054] [sharedprocess] [info] Extensions installed successfully: bierner.color-info
[2019-04-23 17:13:05.666] [sharedprocess] [info] Extracted extension to /root/.vscode/extensions/.esbenp.prettier-vscode-1.8.1: esbenp.prettier-vscode
[2019-04-23 17:13:05.666] [sharedprocess] [info] Renamed to /root/.vscode/extensions/esbenp.prettier-vscode-1.8.1
[2019-04-23 17:13:05.668] [sharedprocess] [info] Installation completed. esbenp.prettier-vscode
[2019-04-23 17:13:06.002] [sharedprocess] [info] Extensions installed successfully: esbenp.prettier-vscode
[2019-04-23 17:13:07.100] [sharedprocess] [info] Installing extension: wayou.vscode-todo-highlight
[2019-04-23 17:13:07.116] [sharedprocess] [info] Scanned user extensions: 3
[2019-04-23 17:13:08.082] [sharedprocess] [info] Downloaded extension: wayou.vscode-todo-highlight /tmp/8bcfc08c-8b4b-4fcf-917d-a1070fe72837
[2019-04-23 17:13:08.299] [sharedprocess] [info] Extracted extension to /root/.vscode/extensions/.wayou.vscode-todo-highlight-1.0.4: wayou.vscode-todo-highlight
[2019-04-23 17:13:08.299] [sharedprocess] [info] Renamed to /root/.vscode/extensions/wayou.vscode-todo-highlight-1.0.4
[2019-04-23 17:13:08.307] [sharedprocess] [info] Installation completed. wayou.vscode-todo-highlight
[2019-04-23 17:13:08.807] [sharedprocess] [info] Extensions installed successfully: wayou.vscode-todo-highlight
[2019-04-23 17:13:17.304] [sharedprocess] [info] Installing extension: hookyqr.minify
[2019-04-23 17:13:17.316] [sharedprocess] [info] Scanned user extensions: 4
[2019-04-23 17:13:17.684] [sharedprocess] [info] Scanned user extensions: 4
[2019-04-23 17:13:20.620] [sharedprocess] [info] Downloaded extension: hookyqr.minify /tmp/5c878b29-f939-4225-95aa-cca177e9ecc2
[2019-04-23 17:13:21.560] [sharedprocess] [info] Extracted extension to /root/.vscode/extensions/.hookyqr.minify-0.4.3: hookyqr.minify
[2019-04-23 17:13:21.561] [sharedprocess] [info] Renamed to /root/.vscode/extensions/hookyqr.minify-0.4.3
[2019-04-23 17:13:21.565] [sharedprocess] [info] Installation completed. hookyqr.minify
[2019-04-23 17:13:21.647] [sharedprocess] [info] Extensions installed successfully: hookyqr.minify
[2019-04-23 17:13:29.736] [sharedprocess] [info] Installing extension: wmaurer.change-case
[2019-04-23 17:13:29.766] [sharedprocess] [info] Scanned user extensions: 5
[2019-04-23 17:13:30.481] [sharedprocess] [info] Downloaded extension: wmaurer.change-case /tmp/9cce03a9-75c4-41a0-b4e6-2952864186f6
[2019-04-23 17:13:31.119] [sharedprocess] [info] Extracted extension to /root/.vscode/extensions/.wmaurer.change-case-1.0.0: wmaurer.change-case
[2019-04-23 17:13:31.119] [sharedprocess] [info] Renamed to /root/.vscode/extensions/wmaurer.change-case-1.0.0
[2019-04-23 17:13:31.135] [sharedprocess] [info] Installation completed. wmaurer.change-case
[2019-04-23 17:13:31.231] [sharedprocess] [info] Extensions installed successfully: wmaurer.change-case
[2019-04-23 17:13:43.397] [sharedprocess] [info] Installing extension: techer.open-in-browser
[2019-04-23 17:13:43.448] [sharedprocess] [info] Scanned user extensions: 6
[2019-04-23 17:13:44.466] [sharedprocess] [info] Downloaded extension: techer.open-in-browser /tmp/d871a19d-2240-4809-a953-e92f725d317b
[2019-04-23 17:13:44.669] [sharedprocess] [info] Extracted extension to /root/.vscode/extensions/.techer.open-in-browser-2.0.0: techer.open-in-browser
[2019-04-23 17:13:44.669] [sharedprocess] [info] Renamed to /root/.vscode/extensions/techer.open-in-browser-2.0.0
[2019-04-23 17:13:44.684] [sharedprocess] [info] Installation completed. techer.open-in-browser
[2019-04-23 17:13:44.809] [sharedprocess] [info] Extensions installed successfully: techer.open-in-browser
[2019-04-23 17:13:55.190] [sharedprocess] [info] Installing extension: wallabyjs.quokka-vscode
[2019-04-23 17:13:55.202] [sharedprocess] [info] Scanned user extensions: 7
[2019-04-23 17:14:09.464] [sharedprocess] [info] Installing extension: eamodio.gitlens
[2019-04-23 17:14:09.480] [sharedprocess] [info] Scanned user extensions: 7
[2019-04-23 17:14:16.633] [sharedprocess] [info] Installing extension: onecentlin.laravel-blade
[2019-04-23 17:14:16.651] [sharedprocess] [info] Scanned user extensions: 7
[2019-04-23 17:14:17.343] [sharedprocess] [info] Downloaded extension: wallabyjs.quokka-vscode /tmp/f033d3aa-c3aa-40f8-b177-a6ad6a8d17d7
[2019-04-23 17:14:21.614] [sharedprocess] [info] Installing extension: cjhowe7.laravel-blade
[2019-04-23 17:14:21.655] [sharedprocess] [info] Scanned user extensions: 7
[2019-04-23 17:14:25.039] [sharedprocess] [info] Installing extension: austenc.laravel-blade-spacer
[2019-04-23 17:14:25.058] [sharedprocess] [info] Scanned user extensions: 7
[2019-04-23 17:14:26.982] [sharedprocess] [info] Extracted extension to /root/.vscode/extensions/.wallabyjs.quokka-vscode-1.0.209: wallabyjs.quokka-vscode
[2019-04-23 17:14:26.983] [sharedprocess] [info] Renamed to /root/.vscode/extensions/wallabyjs.quokka-vscode-1.0.209
[2019-04-23 17:14:26.991] [sharedprocess] [info] Installation completed. wallabyjs.quokka-vscode
[2019-04-23 17:14:27.065] [sharedprocess] [info] Extensions installed successfully: wallabyjs.quokka-vscode
[2019-04-23 17:14:33.965] [sharedprocess] [info] Downloaded extension: eamodio.gitlens /tmp/7732e1e9-bf9b-46a3-b6cd-1f12c2518058
[2019-04-23 17:14:35.075] [sharedprocess] [info] Extracted extension to /root/.vscode/extensions/.eamodio.gitlens-9.6.3: eamodio.gitlens
[2019-04-23 17:14:35.076] [sharedprocess] [info] Renamed to /root/.vscode/extensions/eamodio.gitlens-9.6.3
[2019-04-23 17:14:35.103] [sharedprocess] [info] Installation completed. eamodio.gitlens
[2019-04-23 17:14:35.216] [sharedprocess] [info] Extensions installed successfully: eamodio.gitlens
[2019-04-23 17:14:36.984] [sharedprocess] [info] Downloaded extension: cjhowe7.laravel-blade /tmp/8c50001d-f24d-47fb-81f5-11f23457f741
[2019-04-23 17:14:37.047] [sharedprocess] [info] Extracted extension to /root/.vscode/extensions/.cjhowe7.laravel-blade-1.1.2: cjhowe7.laravel-blade
[2019-04-23 17:14:37.049] [sharedprocess] [info] Renamed to /root/.vscode/extensions/cjhowe7.laravel-blade-1.1.2
[2019-04-23 17:14:37.051] [sharedprocess] [info] Installation completed. cjhowe7.laravel-blade
[2019-04-23 17:14:37.130] [sharedprocess] [info] Extensions installed successfully: cjhowe7.laravel-blade
[2019-04-23 17:14:40.022] [sharedprocess] [info] Downloaded extension: austenc.laravel-blade-spacer /tmp/1081aea5-b225-4283-b597-30c329d01853
[2019-04-23 17:14:40.143] [sharedprocess] [info] Extracted extension to /root/.vscode/extensions/.austenc.laravel-blade-spacer-1.0.2: austenc.laravel-blade-spacer
[2019-04-23 17:14:40.145] [sharedprocess] [info] Renamed to /root/.vscode/extensions/austenc.laravel-blade-spacer-1.0.2
[2019-04-23 17:14:40.147] [sharedprocess] [info] Installation completed. austenc.laravel-blade-spacer
[2019-04-23 17:14:40.245] [sharedprocess] [info] Extensions installed successfully: austenc.laravel-blade-spacer
[2019-04-23 17:14:41.883] [sharedprocess] [info] Installing extension: faustinoaq.javac-linter
[2019-04-23 17:14:41.979] [sharedprocess] [info] Scanned user extensions: 11
[2019-04-23 17:14:55.730] [sharedprocess] [info] Downloaded extension: faustinoaq.javac-linter /tmp/46323575-77da-4010-af04-542ac1834c84
[2019-04-23 17:14:55.951] [sharedprocess] [info] Extracted extension to /root/.vscode/extensions/.faustinoaq.javac-linter-1.3.1: faustinoaq.javac-linter
[2019-04-23 17:14:55.952] [sharedprocess] [info] Renamed to /root/.vscode/extensions/faustinoaq.javac-linter-1.3.1
[2019-04-23 17:14:55.956] [sharedprocess] [info] Installation completed. faustinoaq.javac-linter
[2019-04-23 17:14:56.036] [sharedprocess] [info] Extensions installed successfully: faustinoaq.javac-linter
[2019-04-23 17:14:59.426] [sharedprocess] [info] Downloaded extension: onecentlin.laravel-blade /tmp/4ddc1f89-dbec-4f18-9b8e-327f0525e6c2
[2019-04-23 17:15:02.249] [sharedprocess] [info] Extracted extension to /root/.vscode/extensions/.onecentlin.laravel-blade-1.18.0: onecentlin.laravel-blade
[2019-04-23 17:15:02.250] [sharedprocess] [info] Renamed to /root/.vscode/extensions/onecentlin.laravel-blade-1.18.0
[2019-04-23 17:15:02.252] [sharedprocess] [info] Installation completed. onecentlin.laravel-blade
[2019-04-23 17:15:02.330] [sharedprocess] [info] Extensions installed successfully: onecentlin.laravel-blade
[2019-04-23 17:15:02.435] [sharedprocess] [info] Installing extension: felixfbecker.php-debug
[2019-04-23 17:15:02.510] [sharedprocess] [info] Scanned user extensions: 13
[2019-04-23 17:15:05.946] [sharedprocess] [info] Downloaded extension: felixfbecker.php-debug /tmp/4160a4f0-b6b8-4b5f-a84e-87398f3a7bf2
[2019-04-23 17:15:06.694] [sharedprocess] [info] Installing extension: junstyle.php-cs-fixer
[2019-04-23 17:15:06.848] [sharedprocess] [info] Scanned user extensions: 13
[2019-04-23 17:15:08.011] [sharedprocess] [info] Extracted extension to /root/.vscode/extensions/.felixfbecker.php-debug-1.13.0: felixfbecker.php-debug
[2019-04-23 17:15:08.011] [sharedprocess] [info] Renamed to /root/.vscode/extensions/felixfbecker.php-debug-1.13.0
[2019-04-23 17:15:08.013] [sharedprocess] [info] Installation completed. felixfbecker.php-debug
[2019-04-23 17:15:08.061] [sharedprocess] [info] Extensions installed successfully: felixfbecker.php-debug
[2019-04-23 17:15:12.034] [sharedprocess] [info] Downloaded extension: junstyle.php-cs-fixer /tmp/639e1ff8-8389-4c27-b914-3c1a6d1e0119
[2019-04-23 17:15:15.059] [sharedprocess] [info] Extracted extension to /root/.vscode/extensions/.junstyle.php-cs-fixer-0.1.118: junstyle.php-cs-fixer
[2019-04-23 17:15:15.059] [sharedprocess] [info] Renamed to /root/.vscode/extensions/junstyle.php-cs-fixer-0.1.118
[2019-04-23 17:15:15.060] [sharedprocess] [info] Installation completed. junstyle.php-cs-fixer
[2019-04-23 17:15:15.187] [sharedprocess] [info] Extensions installed successfully: junstyle.php-cs-fixer
[2019-04-23 17:18:17.768] [sharedprocess] [info] Scanned user extensions: 15
[2019-04-23 17:23:17.812] [sharedprocess] [info] Scanned user extensions: 15
[2019-04-23 17:28:17.850] [sharedprocess] [info] Scanned user extensions: 15
[2019-04-23 17:33:17.887] [sharedprocess] [info] Scanned user extensions: 15
[2019-04-23 17:38:17.927] [sharedprocess] [info] Scanned user extensions: 15
[2019-04-23 17:43:17.979] [sharedprocess] [info] Scanned user extensions: 15
[2019-04-23 17:48:18.042] [sharedprocess] [info] Scanned user extensions: 15
[2019-04-23 17:53:18.104] [sharedprocess] [info] Scanned user extensions: 15
[2019-04-23 17:58:18.165] [sharedprocess] [info] Scanned user extensions: 15
[2019-04-23 18:03:18.227] [sharedprocess] [info] Scanned user extensions: 15
[2019-04-23 18:08:18.290] [sharedprocess] [info] Scanned user extensions: 15
[2019-04-23 18:13:18.605] [sharedprocess] [info] Scanned user extensions: 15
[2019-04-23 18:18:18.675] [sharedprocess] [info] Scanned user extensions: 15
[2019-04-23 18:23:18.738] [sharedprocess] [info] Scanned user extensions: 15
[2019-04-23 18:28:18.801] [sharedprocess] [info] Scanned user extensions: 15
[2019-04-23 18:33:18.873] [sharedprocess] [info] Scanned user extensions: 15
[2019-04-23 18:38:18.935] [sharedprocess] [info] Scanned user extensions: 15
[2019-04-23 18:43:19.033] [sharedprocess] [info] Scanned user extensions: 15
[2019-04-23 18:48:19.098] [sharedprocess] [info] Scanned user extensions: 15
[2019-04-23 18:53:19.160] [sharedprocess] [info] Scanned user extensions: 15
[2019-04-23 18:58:19.222] [sharedprocess] [info] Scanned user extensions: 15
[2019-04-23 19:03:19.286] [sharedprocess] [info] Scanned user extensions: 15
[2019-04-23 19:08:19.348] [sharedprocess] [info] Scanned user extensions: 15
[2019-04-23 19:13:19.656] [sharedprocess] [info] Scanned user extensions: 15
[2019-04-23 19:18:19.721] [sharedprocess] [info] Scanned user extensions: 15
[2019-04-23 19:23:19.788] [sharedprocess] [info] Scanned user extensions: 15
[2019-04-23 19:37:22.454] [sharedprocess] [info] Scanned user extensions: 15
[2019-04-23 19:42:22.520] [sharedprocess] [info] Scanned user extensions: 15
[2019-04-23 19:47:22.618] [sharedprocess] [info] Scanned user extensions: 15
[2019-04-23 19:52:22.679] [sharedprocess] [info] Scanned user extensions: 15
[2019-04-23 19:57:22.742] [sharedprocess] [info] Scanned user extensions: 15
[2019-04-23 20:02:22.807] [sharedprocess] [info] Scanned user extensions: 15
[2019-04-23 20:07:22.868] [sharedprocess] [info] Scanned user extensions: 15
[2019-04-23 20:12:22.932] [sharedprocess] [info] Scanned user extensions: 15
[2019-04-23 20:17:23.259] [sharedprocess] [info] Scanned user extensions: 15
[2019-04-23 20:22:23.324] [sharedprocess] [info] Scanned user extensions: 15
[2019-04-23 20:27:23.390] [sharedprocess] [info] Scanned user extensions: 15
[2019-04-23 20:32:23.451] [sharedprocess] [info] Scanned user extensions: 15
[2019-04-23 20:37:23.587] [sharedprocess] [info] Scanned user extensions: 15
[2019-04-23 20:42:23.922] [sharedprocess] [info] Scanned user extensions: 15
[2019-04-23 20:47:24.169] [sharedprocess] [info] Scanned user extensions: 15
[2019-04-23 20:52:24.307] [sharedprocess] [info] Scanned user extensions: 15
[2019-04-23 20:57:24.434] [sharedprocess] [info] Scanned user extensions: 15
[2019-04-23 21:02:25.534] [sharedprocess] [info] Scanned user extensions: 15
[2019-04-23 21:07:41.741] [sharedprocess] [info] Scanned user extensions: 15
[2019-04-23 21:13:54.425] [sharedprocess] [info] Scanned user extensions: 15
[2019-04-23 21:18:57.278] [sharedprocess] [info] Scanned user extensions: 15
[2019-04-23 21:25:03.768] [sharedprocess] [info] Scanned user extensions: 15
[2019-04-23 21:30:04.342] [sharedprocess] [info] Scanned user extensions: 15
[2019-04-23 21:35:06.286] [sharedprocess] [info] Scanned user extensions: 15
[2019-04-23 21:40:06.813] [sharedprocess] [info] Scanned user extensions: 15
[2019-04-23 21:45:07.225] [sharedprocess] [info] Scanned user extensions: 15
