[2019-04-23 23:12:25.193] [exthost] [info] extension host started
[2019-04-23 23:12:25.593] [exthost] [info] ExtensionService#_doActivateExtension onecentlin.laravel-blade {"startup":false,"activationEvent":"onLanguage:blade"}
[2019-04-23 23:12:25.593] [exthost] [info] ExtensionService#loadCommonJSModule /root/.vscode/extensions/onecentlin.laravel-blade-1.18.0/out/src/extension
[2019-04-23 23:12:27.846] [exthost] [info] ExtensionService#_doActivateExtension vscode.debug-auto-launch {"startup":true,"activationEvent":"*"}
[2019-04-23 23:12:27.858] [exthost] [info] ExtensionService#loadCommonJSModule /usr/share/code/resources/app/extensions/debug-auto-launch/dist/extension
[2019-04-23 23:12:27.901] [exthost] [info] ExtensionService#_doActivateExtension vscode.emmet {"startup":true,"activationEvent":"*"}
[2019-04-23 23:12:27.904] [exthost] [info] ExtensionService#loadCommonJSModule /usr/share/code/resources/app/extensions/emmet/dist/extension
[2019-04-23 23:12:28.045] [exthost] [info] ExtensionService#_doActivateExtension vscode.git {"startup":true,"activationEvent":"*"}
[2019-04-23 23:12:28.045] [exthost] [info] ExtensionService#loadCommonJSModule /usr/share/code/resources/app/extensions/git/dist/main
[2019-04-23 23:12:28.751] [exthost] [info] ExtensionService#_doActivateExtension vscode.merge-conflict {"startup":true,"activationEvent":"*"}
[2019-04-23 23:12:28.761] [exthost] [info] ExtensionService#loadCommonJSModule /usr/share/code/resources/app/extensions/merge-conflict/dist/extension
[2019-04-23 23:12:28.827] [exthost] [info] ExtensionService#_doActivateExtension austenc.laravel-blade-spacer {"startup":true,"activationEvent":"*"}
[2019-04-23 23:12:28.827] [exthost] [info] ExtensionService#loadCommonJSModule /root/.vscode/extensions/austenc.laravel-blade-spacer-1.0.2/out/extension
[2019-04-23 23:12:28.860] [exthost] [info] ExtensionService#_doActivateExtension bierner.color-info {"startup":true,"activationEvent":"*"}
[2019-04-23 23:12:28.860] [exthost] [info] ExtensionService#loadCommonJSModule /root/.vscode/extensions/bierner.color-info-0.5.0/out/src/extension
[2019-04-23 23:12:29.640] [exthost] [info] ExtensionService#_doActivateExtension eamodio.gitlens {"startup":true,"activationEvent":"*"}
[2019-04-23 23:12:29.641] [exthost] [info] ExtensionService#loadCommonJSModule /root/.vscode/extensions/eamodio.gitlens-9.6.3/dist/extension
[2019-04-23 23:12:30.462] [exthost] [info] ExtensionService#_doActivateExtension esbenp.prettier-vscode {"startup":true,"activationEvent":"*"}
[2019-04-23 23:12:30.462] [exthost] [info] ExtensionService#loadCommonJSModule /root/.vscode/extensions/esbenp.prettier-vscode-1.8.1/out/src/extension
[2019-04-23 23:12:32.190] [exthost] [info] ExtensionService#_doActivateExtension HookyQR.minify {"startup":true,"activationEvent":"*"}
[2019-04-23 23:12:32.190] [exthost] [info] ExtensionService#loadCommonJSModule /root/.vscode/extensions/hookyqr.minify-0.4.3/extension
[2019-04-23 23:12:35.253] [exthost] [info] ExtensionService#_doActivateExtension WallabyJs.quokka-vscode {"startup":true,"activationEvent":"*"}
[2019-04-23 23:12:35.253] [exthost] [info] ExtensionService#loadCommonJSModule /root/.vscode/extensions/wallabyjs.quokka-vscode-1.0.209/index
[2019-04-23 23:12:35.268] [exthost] [info] ExtensionService#_doActivateExtension wayou.vscode-todo-highlight {"startup":true,"activationEvent":"*"}
[2019-04-23 23:12:35.268] [exthost] [info] ExtensionService#loadCommonJSModule /root/.vscode/extensions/wayou.vscode-todo-highlight-1.0.4/src/extension
[2019-04-23 23:12:35.302] [exthost] [info] eager extensions activated
[2019-04-23 23:12:57.956] [exthost] [info] ExtensionService#_doActivateExtension vscode.php-language-features {"startup":false,"activationEvent":"onLanguage:php"}
[2019-04-23 23:12:57.956] [exthost] [info] ExtensionService#loadCommonJSModule /usr/share/code/resources/app/extensions/php-language-features/dist/phpMain
[2019-04-23 23:12:58.080] [exthost] [info] ExtensionService#_doActivateExtension junstyle.php-cs-fixer {"startup":false,"activationEvent":"onLanguage:php"}
[2019-04-23 23:12:58.080] [exthost] [info] ExtensionService#loadCommonJSModule /root/.vscode/extensions/junstyle.php-cs-fixer-0.1.118/extension
[2019-04-23 23:37:05.977] [exthost] [info] ExtensionService#_doActivateExtension vscode.html-language-features {"startup":false,"activationEvent":"onLanguage:html"}
[2019-04-23 23:37:05.977] [exthost] [info] ExtensionService#loadCommonJSModule /usr/share/code/resources/app/extensions/html-language-features/client/dist/htmlMain
