[2019-04-24 08:02:07.506] [exthost] [info] extension host started
[2019-04-24 08:02:07.811] [exthost] [info] ExtensionService#_doActivateExtension onecentlin.laravel-blade {"startup":false,"activationEvent":"onLanguage:blade"}
[2019-04-24 08:02:07.812] [exthost] [info] ExtensionService#loadCommonJSModule /root/.vscode/extensions/onecentlin.laravel-blade-1.18.0/out/src/extension
[2019-04-24 08:02:09.960] [exthost] [info] ExtensionService#_doActivateExtension vscode.debug-auto-launch {"startup":true,"activationEvent":"*"}
[2019-04-24 08:02:09.960] [exthost] [info] ExtensionService#loadCommonJSModule /usr/share/code/resources/app/extensions/debug-auto-launch/dist/extension
[2019-04-24 08:02:09.968] [exthost] [info] ExtensionService#_doActivateExtension vscode.emmet {"startup":true,"activationEvent":"*"}
[2019-04-24 08:02:09.968] [exthost] [info] ExtensionService#loadCommonJSModule /usr/share/code/resources/app/extensions/emmet/dist/extension
[2019-04-24 08:02:10.041] [exthost] [info] ExtensionService#_doActivateExtension vscode.git {"startup":true,"activationEvent":"*"}
[2019-04-24 08:02:10.041] [exthost] [info] ExtensionService#loadCommonJSModule /usr/share/code/resources/app/extensions/git/dist/main
[2019-04-24 08:02:10.275] [exthost] [info] ExtensionService#_doActivateExtension vscode.merge-conflict {"startup":true,"activationEvent":"*"}
[2019-04-24 08:02:10.276] [exthost] [info] ExtensionService#loadCommonJSModule /usr/share/code/resources/app/extensions/merge-conflict/dist/extension
[2019-04-24 08:02:10.325] [exthost] [info] ExtensionService#_doActivateExtension austenc.laravel-blade-spacer {"startup":true,"activationEvent":"*"}
[2019-04-24 08:02:10.325] [exthost] [info] ExtensionService#loadCommonJSModule /root/.vscode/extensions/austenc.laravel-blade-spacer-1.0.2/out/extension
[2019-04-24 08:02:10.364] [exthost] [info] ExtensionService#_doActivateExtension bierner.color-info {"startup":true,"activationEvent":"*"}
[2019-04-24 08:02:10.364] [exthost] [info] ExtensionService#loadCommonJSModule /root/.vscode/extensions/bierner.color-info-0.5.0/out/src/extension
[2019-04-24 08:02:11.971] [exthost] [info] ExtensionService#_doActivateExtension eamodio.gitlens {"startup":true,"activationEvent":"*"}
[2019-04-24 08:02:11.971] [exthost] [info] ExtensionService#loadCommonJSModule /root/.vscode/extensions/eamodio.gitlens-9.6.3/dist/extension
[2019-04-24 08:02:12.187] [exthost] [info] ExtensionService#_doActivateExtension esbenp.prettier-vscode {"startup":true,"activationEvent":"*"}
[2019-04-24 08:02:12.187] [exthost] [info] ExtensionService#loadCommonJSModule /root/.vscode/extensions/esbenp.prettier-vscode-1.8.1/out/src/extension
[2019-04-24 08:02:13.170] [exthost] [info] ExtensionService#_doActivateExtension HookyQR.minify {"startup":true,"activationEvent":"*"}
[2019-04-24 08:02:13.170] [exthost] [info] ExtensionService#loadCommonJSModule /root/.vscode/extensions/hookyqr.minify-0.4.3/extension
[2019-04-24 08:02:15.384] [exthost] [info] ExtensionService#_doActivateExtension WallabyJs.quokka-vscode {"startup":true,"activationEvent":"*"}
[2019-04-24 08:02:15.384] [exthost] [info] ExtensionService#loadCommonJSModule /root/.vscode/extensions/wallabyjs.quokka-vscode-1.0.209/index
[2019-04-24 08:02:15.440] [exthost] [info] ExtensionService#_doActivateExtension wayou.vscode-todo-highlight {"startup":true,"activationEvent":"*"}
[2019-04-24 08:02:15.440] [exthost] [info] ExtensionService#loadCommonJSModule /root/.vscode/extensions/wayou.vscode-todo-highlight-1.0.4/src/extension
[2019-04-24 08:02:15.459] [exthost] [info] eager extensions activated
[2019-04-24 08:02:33.228] [exthost] [info] ExtensionService#_doActivateExtension vscode.php-language-features {"startup":false,"activationEvent":"onLanguage:php"}
[2019-04-24 08:02:33.228] [exthost] [info] ExtensionService#loadCommonJSModule /usr/share/code/resources/app/extensions/php-language-features/dist/phpMain
[2019-04-24 08:02:33.419] [exthost] [info] ExtensionService#_doActivateExtension junstyle.php-cs-fixer {"startup":false,"activationEvent":"onLanguage:php"}
[2019-04-24 08:02:33.419] [exthost] [info] ExtensionService#loadCommonJSModule /root/.vscode/extensions/junstyle.php-cs-fixer-0.1.118/extension
[2019-04-24 08:33:29.714] [exthost] [info] ExtensionService#_doActivateExtension vscode.html-language-features {"startup":false,"activationEvent":"onLanguage:html"}
[2019-04-24 08:33:29.714] [exthost] [info] ExtensionService#loadCommonJSModule /usr/share/code/resources/app/extensions/html-language-features/client/dist/htmlMain
